0 info it worked if it ends with ok
1 verbose cli [ '/usr/bin/nodejs', '/usr/bin/npm', 'install', '-g', 'n' ]
2 info using npm@1.4.21
3 info using node@v4.8.2
4 verbose cache add [ 'n', null ]
5 verbose cache add name=undefined spec="n" args=["n",null]
6 verbose parsed url Url {
6 verbose parsed url   protocol: null,
6 verbose parsed url   slashes: null,
6 verbose parsed url   auth: null,
6 verbose parsed url   host: null,
6 verbose parsed url   port: null,
6 verbose parsed url   hostname: null,
6 verbose parsed url   hash: null,
6 verbose parsed url   search: null,
6 verbose parsed url   query: null,
6 verbose parsed url   pathname: 'n',
6 verbose parsed url   path: 'n',
6 verbose parsed url   href: 'n' }
7 silly lockFile d1854cae-n n
8 verbose lock n /tmp/npm-33/.npm/d1854cae-n.lock
9 silly lockFile d1854cae-n n
10 silly lockFile d1854cae-n n
11 verbose addNamed [ 'n', '' ]
12 verbose addNamed [ null, '*' ]
13 silly lockFile 6b58d7dc-n n@
14 verbose lock n@ /tmp/npm-33/.npm/6b58d7dc-n.lock
15 silly addNameRange { name: 'n', range: '*', hasData: false }
16 verbose request where is /n
17 verbose request registry https://registry.npmjs.org/
18 verbose request id 79d85233fa2ed540
19 verbose url raw /n
20 verbose url resolving [ 'https://registry.npmjs.org/', './n' ]
21 verbose url resolved https://registry.npmjs.org/n
22 verbose request where is https://registry.npmjs.org/n
23 info trying registry request attempt 1 at 5:02:39 AM
24 http GET https://registry.npmjs.org/n
25 http 200 https://registry.npmjs.org/n
26 silly registry.get cb [ 200,
26 silly registry.get   { 'content-type': 'application/json; charset=UTF-8',
26 silly registry.get     server: 'UploadServer',
26 silly registry.get     'cache-control': 'max-age=300',
26 silly registry.get     'last-modified': 'Wed, 6 Dec 2017 8:25:30 GMT',
26 silly registry.get     etag: '"5a27a97a-1172b"',
26 silly registry.get     'content-encoding': 'gzip',
26 silly registry.get     'content-length': '11891',
26 silly registry.get     'accept-ranges': 'bytes',
26 silly registry.get     date: 'Sun, 17 Dec 2017 06:02:39 GMT',
26 silly registry.get     via: '1.1 varnish',
26 silly registry.get     age: '8842',
26 silly registry.get     connection: 'close',
26 silly registry.get     'x-served-by': 'cache-cdg8727-CDG',
26 silly registry.get     'x-cache': 'HIT',
26 silly registry.get     'x-cache-hits': '1',
26 silly registry.get     'x-timer': 'S1513490560.917830,VS0,VE0',
26 silly registry.get     vary: 'Accept-Encoding, Accept' } ]
27 silly addNameRange number 2 { name: 'n', range: '*', hasData: true }
28 silly addNameRange versions [ 'n',
28 silly addNameRange   [ '0.0.1',
28 silly addNameRange     '0.0.2',
28 silly addNameRange     '0.0.3',
28 silly addNameRange     '0.0.4',
28 silly addNameRange     '0.1.0',
28 silly addNameRange     '0.1.1',
28 silly addNameRange     '0.1.2',
28 silly addNameRange     '0.2.0',
28 silly addNameRange     '0.2.1',
28 silly addNameRange     '0.2.2',
28 silly addNameRange     '0.3.0',
28 silly addNameRange     '0.4.0',
28 silly addNameRange     '0.4.1',
28 silly addNameRange     '0.4.2',
28 silly addNameRange     '0.5.0',
28 silly addNameRange     '0.5.1',
28 silly addNameRange     '0.5.2',
28 silly addNameRange     '0.5.3',
28 silly addNameRange     '0.5.4',
28 silly addNameRange     '0.6.0',
28 silly addNameRange     '0.6.1',
28 silly addNameRange     '0.7.0',
28 silly addNameRange     '0.7.1',
28 silly addNameRange     '0.7.2',
28 silly addNameRange     '0.7.3',
28 silly addNameRange     '0.8.0',
28 silly addNameRange     '0.8.1',
28 silly addNameRange     '0.8.2',
28 silly addNameRange     '0.9.0',
28 silly addNameRange     '0.9.1',
28 silly addNameRange     '0.9.2',
28 silly addNameRange     '0.9.3',
28 silly addNameRange     '1.0.0',
28 silly addNameRange     '1.1.0',
28 silly addNameRange     '1.2.1',
28 silly addNameRange     '1.2.2',
28 silly addNameRange     '1.2.3',
28 silly addNameRange     '1.2.4',
28 silly addNameRange     '1.2.5',
28 silly addNameRange     '1.2.6',
28 silly addNameRange     '1.2.7',
28 silly addNameRange     '1.2.8',
28 silly addNameRange     '1.2.9',
28 silly addNameRange     '1.2.11',
28 silly addNameRange     '1.2.13',
28 silly addNameRange     '1.2.14',
28 silly addNameRange     '1.3.0',
28 silly addNameRange     '1.4.0',
28 silly addNameRange     '2.0.0',
28 silly addNameRange     '1.4.1',
28 silly addNameRange     '2.0.1',
28 silly addNameRange     '1.4.2',
28 silly addNameRange     '2.0.2',
28 silly addNameRange     '2.1.0',
28 silly addNameRange     '2.1.1',
28 silly addNameRange     '2.1.2',
28 silly addNameRange     '2.1.3',
28 silly addNameRange     '2.1.4',
28 silly addNameRange     '2.1.5',
28 silly addNameRange     '2.1.6',
28 silly addNameRange     '2.1.7',
28 silly addNameRange     '2.1.8' ] ]
29 verbose addNamed [ 'n', '2.1.8' ]
30 verbose addNamed [ '2.1.8', '2.1.8' ]
31 silly lockFile af105cb9-n-2-1-8 n@2.1.8
32 verbose lock n@2.1.8 /tmp/npm-33/.npm/af105cb9-n-2-1-8.lock
33 silly lockFile 14e0ffe6-registry-npmjs-org-n-n-2-1-8-tgz https://registry.npmjs.org/n/-/n-2.1.8.tgz
34 verbose lock https://registry.npmjs.org/n/-/n-2.1.8.tgz /tmp/npm-33/.npm/14e0ffe6-registry-npmjs-org-n-n-2-1-8-tgz.lock
35 verbose addRemoteTarball [ 'https://registry.npmjs.org/n/-/n-2.1.8.tgz',
35 verbose addRemoteTarball   '9b770f6ae0a93c49c64fb614625a63cc5a22d1fd' ]
36 info retry fetch attempt 1 at 5:02:40 AM
37 verbose fetch to= /tmp/npm-23990-iRtNuRnw/registry.npmjs.org/n/-/n-2.1.8.tgz
38 http GET https://registry.npmjs.org/n/-/n-2.1.8.tgz
39 http 200 https://registry.npmjs.org/n/-/n-2.1.8.tgz
40 silly lockFile 14e0ffe6-registry-npmjs-org-n-n-2-1-8-tgz https://registry.npmjs.org/n/-/n-2.1.8.tgz
41 silly lockFile 14e0ffe6-registry-npmjs-org-n-n-2-1-8-tgz https://registry.npmjs.org/n/-/n-2.1.8.tgz
42 silly lockFile af105cb9-n-2-1-8 n@2.1.8
43 silly lockFile af105cb9-n-2-1-8 n@2.1.8
44 silly lockFile 6b58d7dc-n n@
45 silly lockFile 6b58d7dc-n n@
46 silly resolved [ { name: 'n',
46 silly resolved     description: 'Interactively Manage All Your Node Versions',
46 silly resolved     version: '2.1.8',
46 silly resolved     author: { name: 'TJ Holowaychuk', email: 'tj@vision-media.ca' },
46 silly resolved     homepage: 'https://github.com/tj/n',
46 silly resolved     bugs: { url: 'https://github.com/tj/n/issues' },
46 silly resolved     contributors: [ [Object], [Object], [Object] ],
46 silly resolved     keywords:
46 silly resolved      [ 'nvm',
46 silly resolved        'node',
46 silly resolved        'version',
46 silly resolved        'manager',
46 silly resolved        'switcher',
46 silly resolved        'node',
46 silly resolved        'binary',
46 silly resolved        'env' ],
46 silly resolved     bin: { n: './bin/n' },
46 silly resolved     repository: { type: 'git', url: 'git://github.com/tj/n.git' },
46 silly resolved     preferGlobal: true,
46 silly resolved     os: [ '!win32' ],
46 silly resolved     engines: { node: '*' },
46 silly resolved     license: 'MIT',
46 silly resolved     gitHead: '14ab6ff01f3b673e2e29f465a00e0b29643bb8d9',
46 silly resolved     _id: 'n@2.1.8',
46 silly resolved     _npmVersion: '5.0.3',
46 silly resolved     _nodeVersion: '8.1.2',
46 silly resolved     _npmUser: { name: 'troy0820', email: 'troy0820@gmail.com' },
46 silly resolved     dist:
46 silly resolved      { integrity: 'sha512-VN3To6jBHSdTHmv+fT00V1nBdj3MWdcOlEKBEaUtXKRqQhuN289B9Jym9P/L3rXfafAsapmh4Fcr/DUR8DGJVg==',
46 silly resolved        shasum: '9b770f6ae0a93c49c64fb614625a63cc5a22d1fd',
46 silly resolved        tarball: 'https://registry.npmjs.org/n/-/n-2.1.8.tgz' },
46 silly resolved     maintainers: [ [Object], [Object], [Object], [Object], [Object], [Object] ],
46 silly resolved     _npmOperationalInternal:
46 silly resolved      { host: 's3://npm-registry-packages',
46 silly resolved        tmp: 'tmp/n-2.1.8.tgz_1498880450388_0.9696143395267427' },
46 silly resolved     directories: {},
46 silly resolved     _shasum: '9b770f6ae0a93c49c64fb614625a63cc5a22d1fd',
46 silly resolved     _from: 'n@',
46 silly resolved     _resolved: 'https://registry.npmjs.org/n/-/n-2.1.8.tgz' } ]
47 info install n@2.1.8 into /usr/local/lib
48 info installOne n@2.1.8
49 verbose lib/node_modules/n unbuild
50 verbose tar unpack /tmp/npm-33/.npm/n/2.1.8/package.tgz
51 silly lockFile 9a5950d7-tar-usr-local-lib-node-modules-n tar:///usr/local/lib/node_modules/n
52 verbose lock tar:///usr/local/lib/node_modules/n /tmp/npm-33/.npm/9a5950d7-tar-usr-local-lib-node-modules-n.lock
53 silly lockFile 735dc3d7-p-npm-33-npm-n-2-1-8-package-tgz tar:///tmp/npm-33/.npm/n/2.1.8/package.tgz
54 verbose lock tar:///tmp/npm-33/.npm/n/2.1.8/package.tgz /tmp/npm-33/.npm/735dc3d7-p-npm-33-npm-n-2-1-8-package-tgz.lock
55 silly gunzTarPerm modes [ '755', '644' ]
56 error tar.unpack untar error /tmp/npm-33/.npm/n/2.1.8/package.tgz
57 silly lockFile 9a5950d7-tar-usr-local-lib-node-modules-n tar:///usr/local/lib/node_modules/n
58 silly lockFile 9a5950d7-tar-usr-local-lib-node-modules-n tar:///usr/local/lib/node_modules/n
59 silly lockFile 735dc3d7-p-npm-33-npm-n-2-1-8-package-tgz tar:///tmp/npm-33/.npm/n/2.1.8/package.tgz
60 silly lockFile 735dc3d7-p-npm-33-npm-n-2-1-8-package-tgz tar:///tmp/npm-33/.npm/n/2.1.8/package.tgz
61 verbose lib/node_modules/n unbuild
62 error Error: EACCES: permission denied, mkdir '/usr/local/lib/node_modules/n'
62 error     at Error (native)
62 error  { [Error: EACCES: permission denied, mkdir '/usr/local/lib/node_modules/n']
62 error   errno: -13,
62 error   code: 'EACCES',
62 error   syscall: 'mkdir',
62 error   path: '/usr/local/lib/node_modules/n',
62 error   fstream_type: 'Directory',
62 error   fstream_path: '/usr/local/lib/node_modules/n',
62 error   fstream_class: 'DirWriter',
62 error   fstream_stack:
62 error    [ '/usr/lib/nodejs/fstream/lib/dir-writer.js:35:25',
62 error      '/usr/lib/nodejs/mkdirp/index.js:46:53',
62 error      'FSReqWrap.oncomplete (fs.js:82:15)' ] }
63 error Please try running this command again as root/Administrator.
64 error System Linux 4.9.41-v7+
65 error command "/usr/bin/nodejs" "/usr/bin/npm" "install" "-g" "n"
66 error cwd /var/www/html/codiad/workspace/GoPo
67 error node -v v4.8.2
68 error npm -v 1.4.21
69 error path /usr/local/lib/node_modules/n
70 error syscall mkdir
71 error fstream_path /usr/local/lib/node_modules/n
72 error fstream_type Directory
73 error fstream_class DirWriter
74 error code EACCES
75 error errno -13
76 error stack Error: EACCES: permission denied, mkdir '/usr/local/lib/node_modules/n'
76 error stack     at Error (native)
77 error fstream_stack /usr/lib/nodejs/fstream/lib/dir-writer.js:35:25
77 error fstream_stack /usr/lib/nodejs/mkdirp/index.js:46:53
77 error fstream_stack FSReqWrap.oncomplete (fs.js:82:15)
78 verbose exit [ -13, true ]
